<?xml version="1.0" encoding="UTF-8"?>
<!-- Generated by org.testng.reporters.JUnitXMLReporter -->
<testsuite hostname="DESKTOP-HJFJFBJ" ignored="0" tests="10" failures="0" timestamp="2021-03-22T23:23:44 EET" time="22.195" errors="0">
  <testcase name="testAnagramChecker" time="0.016" classname="JavaAlgorithmsTests"/>
  <testcase name="testAnagramChecker" time="0.016" classname="JavaAlgorithmsTests"/>
  <testcase name="testAnagramChecker" time="0.016" classname="JavaAlgorithmsTests"/>
  <testcase name="testAnagramChecker" time="0.016" classname="JavaAlgorithmsTests"/>
  <testcase name="testSmallestDistanceNeighbourNumbers" time="0.001" classname="JavaAlgorithmsTests"/>
  <testcase name="testSmallestDistanceNeighbourNumbers" time="0.0" classname="JavaAlgorithmsTests"/>
  <testcase name="testSmallestDistanceNeighbourNumbers" time="0.002" classname="JavaAlgorithmsTests"/>
  <testcase name="testSmallestDistanceNeighbourNumbers" time="0.003" classname="JavaAlgorithmsTests"/>
  <testcase name="testSmallestDistanceNeighbourNumbers" time="0.005" classname="JavaAlgorithmsTests"/>
  <testcase name="getFlightsSearchResults" time="22.086" classname="WebDriverTests"/>
</testsuite>
